<?xml version="1.0" encoding="UTF-8"?>
<testsuite xmlns:xsi="http://www.w3.org/2001/XMLSchema-instance" xsi:noNamespaceSchemaLocation="https://maven.apache.org/surefire/maven-surefire-plugin/xsd/surefire-test-report.xsd" name="com.example.PersonTest" time="0.042" tests="6" errors="0" skipped="0" failures="0">
  <properties>
[...]
</properties>
  <testcase name="testUpdateDetails_Under18ChangeAddress_Fails" classname="com.example.PersonTest" time="0.026"/>
  <testcase name="testUpdateDetails_EvenIdChangeID_Fails" classname="com.example.PersonTest" time="0"/>
  <testcase name="testAddPerson_InvalidBirthday_ReturnsFalse" classname="com.example.PersonTest" time="0.004"/>
  <testcase name="testUpdateDetails_ChangeBirthdayAndName_Fails" classname="com.example.PersonTest" time="0.001"/>
  <testcase name="testAddPerson_ValidData_ReturnsTrue" classname="com.example.PersonTest" time="0.001"/>
  <testcase name="testAddPerson_InvalidID_ReturnsFalse" classname="com.example.PersonTest" time="0.001"/>
</testsuite>